<?xml version="1.0" encoding="UTF-8"?>
<testng-results skipped="0" failed="0" ignored="0" total="2" passed="2">
  <reporter-output>
  </reporter-output>
  <suite name="Default suite" duration-ms="37" started-at="2021-02-03T12:11:24Z" finished-at="2021-02-03T12:11:24Z">
    <groups>
    </groups>
    <test name="Default test" duration-ms="37" started-at="2021-02-03T12:11:24Z" finished-at="2021-02-03T12:11:24Z">
      <class name="TestNG_Package.Using_invocationCount">
        <test-method status="PASS" signature="test1()[pri:0, instance:TestNG_Package.Using_invocationCount@14bf9759]" name="test1" duration-ms="6" started-at="2021-02-03T12:11:24Z" finished-at="2021-02-03T12:11:24Z">
          <reporter-output>
          </reporter-output>
        </test-method> <!-- test1 -->
        <test-method status="PASS" signature="test2()[pri:0, instance:TestNG_Package.Using_invocationCount@14bf9759]" name="test2" duration-ms="1" started-at="2021-02-03T12:11:24Z" finished-at="2021-02-03T12:11:24Z">
          <reporter-output>
          </reporter-output>
        </test-method> <!-- test2 -->
      </class> <!-- TestNG_Package.Using_invocationCount -->
    </test> <!-- Default test -->
  </suite> <!-- Default suite -->
</testng-results>
