<?xml version="1.0" encoding="UTF-8"?>
<!-- Generated by org.testng.reporters.JUnitXMLReporter -->
<testsuite hostname="C230Dcok" ignored="0" name="testGuru" tests="3" failures="0" timestamp="20 Aug 2020 12:49:29 GMT" time="11.602" errors="0">
  <testcase name="test1" time="0.006" classname="TestNG_Package.Using_invocationCount"/>
  <testcase name="test2" time="0.001" classname="TestNG_Package.Using_invocationCount"/>
  <testcase name="OpenBrowser" time="11.561" classname="TestNG_Package.Using_Assertions"/>
</testsuite> <!-- testGuru -->
